<?xml version="1.0" encoding="UTF-8"?>
<testsuite name="ru.stqa.java_avi.sandbox.SquareTests" tests="1" skipped="0" failures="0" errors="0" timestamp="2022-05-05T19:06:45" hostname="ARTHURPC" time="0.005">
  <properties/>
  <testcase name="testArea" classname="ru.stqa.java_avi.sandbox.SquareTests" time="0.005"/>
  <system-out><![CDATA[]]></system-out>
  <system-err><![CDATA[]]></system-err>
</testsuite>
