<?xml version="1.0" encoding="UTF-8"?>
<testsuite name="ru.stqa.java_avi.addressbook.tests.GroupModificationTests" tests="1" skipped="0" failures="0" errors="0" timestamp="2022-05-09T21:19:27" hostname="ARTHURPC" time="1.117">
  <properties/>
  <testcase name="testGroupModification" classname="ru.stqa.java_avi.addressbook.tests.GroupModificationTests" time="1.117"/>
  <system-out><![CDATA[]]></system-out>
  <system-err><![CDATA[1652131164576	geckodriver	INFO	Listening on 127.0.0.1:62673
1652131165345	mozrunner::runner	INFO	Running command: "C:\\Program Files\\Mozilla Firefox\\firefox.exe" "--marionette" "--remote-debugging-port" "53478" "--remote-allow-hosts" "localhost" "-no-remote" "-profile" "C:\\Users\\user\\AppData\\Local\\Temp\\rust_mozprofilebg85On"
1652131165719	Marionette	INFO	Marionette enabled
console.warn: SearchSettings: "get: No settings file exists, new profile?" (new NotFoundError("Could not open the file at C:\\Users\\user\\AppData\\Local\\Temp\\rust_mozprofilebg85On\\search.json.mozlz4", (void 0)))
DevTools listening on ws://localhost:53478/devtools/browser/245c1716-c909-49f8-915b-4648eb5a2e75
1652131166892	Marionette	INFO	Listening on port 55709
Read port: 55709
1652131167007	RemoteAgent	WARN	TLS certificate errors will be ignored for this session
мая 10, 2022 12:19:27 AM org.openqa.selenium.remote.ProtocolHandshake createSession
INFO: Detected dialect: W3C
console.warn: LoginRecipes: "getRecipes: falling back to a synchronous message for:" "http://localhost"
console.warn: LoginRecipes: "getRecipes: falling back to a synchronous message for:" "http://localhost"
JavaScript error: resource://gre/modules/LoginManagerParent.jsm, line 136: TypeError: gRecipeManager is null
console.warn: LoginRecipes: "getRecipes: falling back to a synchronous message for:" "http://localhost"
JavaScript error: resource://gre/modules/LoginManagerParent.jsm, line 136: TypeError: gRecipeManager is null
console.warn: LoginRecipes: "getRecipes: falling back to a synchronous message for:" "http://localhost"
JavaScript error: resource://gre/modules/LoginManagerParent.jsm, line 136: TypeError: gRecipeManager is null
console.warn: LoginRecipes: "getRecipes: falling back to a synchronous message for:" "http://localhost"
JavaScript error: resource://gre/modules/LoginManagerParent.jsm, line 136: TypeError: gRecipeManager is null
console.warn: LoginRecipes: "getRecipes: falling back to a synchronous message for:" "http://localhost"
JavaScript error: resource://gre/modules/LoginManagerParent.jsm, line 136: TypeError: gRecipeManager is null
console.warn: LoginRecipes: "getRecipes: falling back to a synchronous message for:" "http://localhost"
JavaScript error: resource://gre/modules/LoginManagerParent.jsm, line 136: TypeError: gRecipeManager is null
1652131168819	Marionette	INFO	Stopped listening on port 55709
]]></system-err>
</testsuite>
